<?xml version="1.0" encoding="UTF-8"?>
<testsuites>
  <testsuite name="" tests="50" assertions="58" errors="0" warnings="0" failures="0" skipped="0" time="0.019641">
    <testsuite name="Project Test Suite" tests="50" assertions="58" errors="0" warnings="0" failures="0" skipped="0" time="0.019641">
      <testsuite name="App\Card\BankTest" file="/Users/sams./dbwebb-kurser/mvc/me/report/tests/Card/BankTest.php" tests="9" assertions="9" errors="0" warnings="0" failures="0" skipped="0" time="0.010241">
        <testcase name="testBank" class="App\Card\BankTest" classname="App.Card.BankTest" file="/Users/sams./dbwebb-kurser/mvc/me/report/tests/Card/BankTest.php" line="16" assertions="1" time="0.006982"/>
        <testcase name="testBankRound" class="App\Card\BankTest" classname="App.Card.BankTest" file="/Users/sams./dbwebb-kurser/mvc/me/report/tests/Card/BankTest.php" line="25" assertions="1" time="0.001428"/>
        <testcase name="testRoundPoints" class="App\Card\BankTest" classname="App.Card.BankTest" file="/Users/sams./dbwebb-kurser/mvc/me/report/tests/Card/BankTest.php" line="40" assertions="1" time="0.000082"/>
        <testcase name="testBankStop" class="App\Card\BankTest" classname="App.Card.BankTest" file="/Users/sams./dbwebb-kurser/mvc/me/report/tests/Card/BankTest.php" line="57" assertions="1" time="0.000632"/>
        <testcase name="testBankBust" class="App\Card\BankTest" classname="App.Card.BankTest" file="/Users/sams./dbwebb-kurser/mvc/me/report/tests/Card/BankTest.php" line="76" assertions="1" time="0.000355"/>
        <testcase name="testBankShouldStop" class="App\Card\BankTest" classname="App.Card.BankTest" file="/Users/sams./dbwebb-kurser/mvc/me/report/tests/Card/BankTest.php" line="94" assertions="1" time="0.000071"/>
        <testcase name="testBankStatusBust" class="App\Card\BankTest" classname="App.Card.BankTest" file="/Users/sams./dbwebb-kurser/mvc/me/report/tests/Card/BankTest.php" line="112" assertions="1" time="0.000547"/>
        <testcase name="testBankStatusShouldStop" class="App\Card\BankTest" classname="App.Card.BankTest" file="/Users/sams./dbwebb-kurser/mvc/me/report/tests/Card/BankTest.php" line="130" assertions="1" time="0.000073"/>
        <testcase name="testBankStatusGameStillGoing" class="App\Card\BankTest" classname="App.Card.BankTest" file="/Users/sams./dbwebb-kurser/mvc/me/report/tests/Card/BankTest.php" line="148" assertions="1" time="0.000072"/>
      </testsuite>
      <testsuite name="App\Card\CardGraphicTest" file="/Users/sams./dbwebb-kurser/mvc/me/report/tests/Card/CardGraphicTest.php" tests="7" assertions="7" errors="0" warnings="0" failures="0" skipped="0" time="0.002333">
        <testcase name="testCreateCardGraphic" class="App\Card\CardGraphicTest" classname="App.Card.CardGraphicTest" file="/Users/sams./dbwebb-kurser/mvc/me/report/tests/Card/CardGraphicTest.php" line="16" assertions="1" time="0.000701"/>
        <testcase name="testCardsCountDiamonds" class="App\Card\CardGraphicTest" classname="App.Card.CardGraphicTest" file="/Users/sams./dbwebb-kurser/mvc/me/report/tests/Card/CardGraphicTest.php" line="25" assertions="1" time="0.001256"/>
        <testcase name="testCardsCountHearts" class="App\Card\CardGraphicTest" classname="App.Card.CardGraphicTest" file="/Users/sams./dbwebb-kurser/mvc/me/report/tests/Card/CardGraphicTest.php" line="36" assertions="1" time="0.000080"/>
        <testcase name="testCardsCountClubs" class="App\Card\CardGraphicTest" classname="App.Card.CardGraphicTest" file="/Users/sams./dbwebb-kurser/mvc/me/report/tests/Card/CardGraphicTest.php" line="47" assertions="1" time="0.000075"/>
        <testcase name="testCardsCountSpades" class="App\Card\CardGraphicTest" classname="App.Card.CardGraphicTest" file="/Users/sams./dbwebb-kurser/mvc/me/report/tests/Card/CardGraphicTest.php" line="58" assertions="1" time="0.000073"/>
        <testcase name="testFormatCardsDiamonds" class="App\Card\CardGraphicTest" classname="App.Card.CardGraphicTest" file="/Users/sams./dbwebb-kurser/mvc/me/report/tests/Card/CardGraphicTest.php" line="69" assertions="1" time="0.000086"/>
        <testcase name="testFormatCardReturnsSymbol" class="App\Card\CardGraphicTest" classname="App.Card.CardGraphicTest" file="/Users/sams./dbwebb-kurser/mvc/me/report/tests/Card/CardGraphicTest.php" line="82" assertions="1" time="0.000062"/>
      </testsuite>
      <testsuite name="App\Card\CardHandTest" file="/Users/sams./dbwebb-kurser/mvc/me/report/tests/Card/CardHandTest.php" tests="4" assertions="4" errors="0" warnings="0" failures="0" skipped="0" time="0.001929">
        <testcase name="testCardHandCards" class="App\Card\CardHandTest" classname="App.Card.CardHandTest" file="/Users/sams./dbwebb-kurser/mvc/me/report/tests/Card/CardHandTest.php" line="16" assertions="1" time="0.000065"/>
        <testcase name="testAddCardToCardHand" class="App\Card\CardHandTest" classname="App.Card.CardHandTest" file="/Users/sams./dbwebb-kurser/mvc/me/report/tests/Card/CardHandTest.php" line="25" assertions="1" time="0.000062"/>
        <testcase name="testGetCardHandPoints" class="App\Card\CardHandTest" classname="App.Card.CardHandTest" file="/Users/sams./dbwebb-kurser/mvc/me/report/tests/Card/CardHandTest.php" line="38" assertions="1" time="0.000060"/>
        <testcase name="testGetCardAsString" class="App\Card\CardHandTest" classname="App.Card.CardHandTest" file="/Users/sams./dbwebb-kurser/mvc/me/report/tests/Card/CardHandTest.php" line="51" assertions="1" time="0.001742"/>
      </testsuite>
      <testsuite name="App\Card\CardTest" file="/Users/sams./dbwebb-kurser/mvc/me/report/tests/Card/CardTest.php" tests="8" assertions="8" errors="0" warnings="0" failures="0" skipped="0" time="0.000489">
        <testcase name="testCreateCard" class="App\Card\CardTest" classname="App.Card.CardTest" file="/Users/sams./dbwebb-kurser/mvc/me/report/tests/Card/CardTest.php" line="15" assertions="1" time="0.000068"/>
        <testcase name="testCardJson" class="App\Card\CardTest" classname="App.Card.CardTest" file="/Users/sams./dbwebb-kurser/mvc/me/report/tests/Card/CardTest.php" line="24" assertions="1" time="0.000066"/>
        <testcase name="testCardSuit" class="App\Card\CardTest" classname="App.Card.CardTest" file="/Users/sams./dbwebb-kurser/mvc/me/report/tests/Card/CardTest.php" line="35" assertions="1" time="0.000058"/>
        <testcase name="testCardRank" class="App\Card\CardTest" classname="App.Card.CardTest" file="/Users/sams./dbwebb-kurser/mvc/me/report/tests/Card/CardTest.php" line="46" assertions="1" time="0.000058"/>
        <testcase name="testCardColorRed" class="App\Card\CardTest" classname="App.Card.CardTest" file="/Users/sams./dbwebb-kurser/mvc/me/report/tests/Card/CardTest.php" line="57" assertions="1" time="0.000069"/>
        <testcase name="testCardColorBlack" class="App\Card\CardTest" classname="App.Card.CardTest" file="/Users/sams./dbwebb-kurser/mvc/me/report/tests/Card/CardTest.php" line="68" assertions="1" time="0.000057"/>
        <testcase name="testCardValueReturnsCorrectValue" class="App\Card\CardTest" classname="App.Card.CardTest" file="/Users/sams./dbwebb-kurser/mvc/me/report/tests/Card/CardTest.php" line="79" assertions="1" time="0.000057"/>
        <testcase name="testCardValueReturnsZero" class="App\Card\CardTest" classname="App.Card.CardTest" file="/Users/sams./dbwebb-kurser/mvc/me/report/tests/Card/CardTest.php" line="88" assertions="1" time="0.000057"/>
      </testsuite>
      <testsuite name="App\Card\DeckOfCardsTest" file="/Users/sams./dbwebb-kurser/mvc/me/report/tests/Card/DeckOfCardsTest.php" tests="8" assertions="13" errors="0" warnings="0" failures="0" skipped="0" time="0.002472">
        <testcase name="testCreateDeckOfCards" class="App\Card\DeckOfCardsTest" classname="App.Card.DeckOfCardsTest" file="/Users/sams./dbwebb-kurser/mvc/me/report/tests/Card/DeckOfCardsTest.php" line="16" assertions="1" time="0.000748"/>
        <testcase name="testCreateDeckReturns52Cards" class="App\Card\DeckOfCardsTest" classname="App.Card.DeckOfCardsTest" file="/Users/sams./dbwebb-kurser/mvc/me/report/tests/Card/DeckOfCardsTest.php" line="25" assertions="1" time="0.000104"/>
        <testcase name="testShuffleDeck" class="App\Card\DeckOfCardsTest" classname="App.Card.DeckOfCardsTest" file="/Users/sams./dbwebb-kurser/mvc/me/report/tests/Card/DeckOfCardsTest.php" line="35" assertions="2" time="0.000576"/>
        <testcase name="testDrawCardReducesDeck" class="App\Card\DeckOfCardsTest" classname="App.Card.DeckOfCardsTest" file="/Users/sams./dbwebb-kurser/mvc/me/report/tests/Card/DeckOfCardsTest.php" line="48" assertions="2" time="0.000111"/>
        <testcase name="testDrawCardsReducesDeckCorrectly" class="App\Card\DeckOfCardsTest" classname="App.Card.DeckOfCardsTest" file="/Users/sams./dbwebb-kurser/mvc/me/report/tests/Card/DeckOfCardsTest.php" line="62" assertions="2" time="0.000110"/>
        <testcase name="testDeckAsJson" class="App\Card\DeckOfCardsTest" classname="App.Card.DeckOfCardsTest" file="/Users/sams./dbwebb-kurser/mvc/me/report/tests/Card/DeckOfCardsTest.php" line="75" assertions="3" time="0.000575"/>
        <testcase name="testGetCardAsString" class="App\Card\DeckOfCardsTest" classname="App.Card.DeckOfCardsTest" file="/Users/sams./dbwebb-kurser/mvc/me/report/tests/Card/DeckOfCardsTest.php" line="90" assertions="1" time="0.000108"/>
        <testcase name="testGetAsString" class="App\Card\DeckOfCardsTest" classname="App.Card.DeckOfCardsTest" file="/Users/sams./dbwebb-kurser/mvc/me/report/tests/Card/DeckOfCardsTest.php" line="104" assertions="1" time="0.000140"/>
      </testsuite>
      <testsuite name="App\Card\PlayerTest" file="/Users/sams./dbwebb-kurser/mvc/me/report/tests/Card/PlayerTest.php" tests="7" assertions="7" errors="0" warnings="0" failures="0" skipped="0" time="0.000961">
        <testcase name="testPlayer" class="App\Card\PlayerTest" classname="App.Card.PlayerTest" file="/Users/sams./dbwebb-kurser/mvc/me/report/tests/Card/PlayerTest.php" line="16" assertions="1" time="0.000464"/>
        <testcase name="testPlayerRound" class="App\Card\PlayerTest" classname="App.Card.PlayerTest" file="/Users/sams./dbwebb-kurser/mvc/me/report/tests/Card/PlayerTest.php" line="25" assertions="1" time="0.000085"/>
        <testcase name="testRoundPoints" class="App\Card\PlayerTest" classname="App.Card.PlayerTest" file="/Users/sams./dbwebb-kurser/mvc/me/report/tests/Card/PlayerTest.php" line="40" assertions="1" time="0.000089"/>
        <testcase name="testPlayerStop" class="App\Card\PlayerTest" classname="App.Card.PlayerTest" file="/Users/sams./dbwebb-kurser/mvc/me/report/tests/Card/PlayerTest.php" line="57" assertions="1" time="0.000079"/>
        <testcase name="testPlayerBust" class="App\Card\PlayerTest" classname="App.Card.PlayerTest" file="/Users/sams./dbwebb-kurser/mvc/me/report/tests/Card/PlayerTest.php" line="76" assertions="1" time="0.000074"/>
        <testcase name="testPlayerStatusBust" class="App\Card\PlayerTest" classname="App.Card.PlayerTest" file="/Users/sams./dbwebb-kurser/mvc/me/report/tests/Card/PlayerTest.php" line="95" assertions="1" time="0.000084"/>
        <testcase name="testPlayerStatusGameStillGoing" class="App\Card\PlayerTest" classname="App.Card.PlayerTest" file="/Users/sams./dbwebb-kurser/mvc/me/report/tests/Card/PlayerTest.php" line="114" assertions="1" time="0.000087"/>
      </testsuite>
      <testsuite name="App\Card\StatusTest" file="/Users/sams./dbwebb-kurser/mvc/me/report/tests/Card/StatusTest.php" tests="5" assertions="5" errors="0" warnings="0" failures="0" skipped="0" time="0.000747">
        <testcase name="testStatus" class="App\Card\StatusTest" classname="App.Card.StatusTest" file="/Users/sams./dbwebb-kurser/mvc/me/report/tests/Card/StatusTest.php" line="16" assertions="1" time="0.000458"/>
        <testcase name="testPlayerWinsWithMorePoints" class="App\Card\StatusTest" classname="App.Card.StatusTest" file="/Users/sams./dbwebb-kurser/mvc/me/report/tests/Card/StatusTest.php" line="27" assertions="1" time="0.000077"/>
        <testcase name="testBankWinsWithMorePoints" class="App\Card\StatusTest" classname="App.Card.StatusTest" file="/Users/sams./dbwebb-kurser/mvc/me/report/tests/Card/StatusTest.php" line="50" assertions="1" time="0.000078"/>
        <testcase name="testPlayerWinsWhenBankIsBust" class="App\Card\StatusTest" classname="App.Card.StatusTest" file="/Users/sams./dbwebb-kurser/mvc/me/report/tests/Card/StatusTest.php" line="73" assertions="1" time="0.000067"/>
        <testcase name="testPlayerWinsByPoints21" class="App\Card\StatusTest" classname="App.Card.StatusTest" file="/Users/sams./dbwebb-kurser/mvc/me/report/tests/Card/StatusTest.php" line="96" assertions="1" time="0.000067"/>
      </testsuite>
      <testsuite name="App\Dice\DiceTest" file="/Users/sams./dbwebb-kurser/mvc/me/report/tests/Dice/DiceTest.php" tests="2" assertions="5" errors="0" warnings="0" failures="0" skipped="0" time="0.000469">
        <testcase name="testCreateDice" class="App\Dice\DiceTest" classname="App.Dice.DiceTest" file="/Users/sams./dbwebb-kurser/mvc/me/report/tests/Dice/DiceTest.php" line="16" assertions="2" time="0.000397"/>
        <testcase name="testRollDice" class="App\Dice\DiceTest" classname="App.Dice.DiceTest" file="/Users/sams./dbwebb-kurser/mvc/me/report/tests/Dice/DiceTest.php" line="28" assertions="3" time="0.000072"/>
      </testsuite>
    </testsuite>
  </testsuite>
</testsuites>
