<?xml version="1.0" encoding="UTF-8"?>
<testsuites>
  <testsuite name="" tests="51" assertions="59" errors="0" warnings="0" failures="0" skipped="0" time="0.062092">
    <testsuite name="Project Test Suite" tests="51" assertions="59" errors="0" warnings="0" failures="0" skipped="0" time="0.062092">
      <testsuite name="App\Card\BankTest" file="/Users/sams./dbwebb-kurser/mvc/me/report/tests/Card/BankTest.php" tests="9" assertions="9" errors="0" warnings="0" failures="0" skipped="0" time="0.014176">
        <testcase name="testBank" class="App\Card\BankTest" classname="App.Card.BankTest" file="/Users/sams./dbwebb-kurser/mvc/me/report/tests/Card/BankTest.php" line="16" assertions="1" time="0.007891"/>
        <testcase name="testBankRound" class="App\Card\BankTest" classname="App.Card.BankTest" file="/Users/sams./dbwebb-kurser/mvc/me/report/tests/Card/BankTest.php" line="25" assertions="1" time="0.002108"/>
        <testcase name="testRoundPoints" class="App\Card\BankTest" classname="App.Card.BankTest" file="/Users/sams./dbwebb-kurser/mvc/me/report/tests/Card/BankTest.php" line="40" assertions="1" time="0.000396"/>
        <testcase name="testBankStop" class="App\Card\BankTest" classname="App.Card.BankTest" file="/Users/sams./dbwebb-kurser/mvc/me/report/tests/Card/BankTest.php" line="57" assertions="1" time="0.000864"/>
        <testcase name="testBankBust" class="App\Card\BankTest" classname="App.Card.BankTest" file="/Users/sams./dbwebb-kurser/mvc/me/report/tests/Card/BankTest.php" line="76" assertions="1" time="0.000779"/>
        <testcase name="testBankShouldStop" class="App\Card\BankTest" classname="App.Card.BankTest" file="/Users/sams./dbwebb-kurser/mvc/me/report/tests/Card/BankTest.php" line="94" assertions="1" time="0.000475"/>
        <testcase name="testBankStatusBust" class="App\Card\BankTest" classname="App.Card.BankTest" file="/Users/sams./dbwebb-kurser/mvc/me/report/tests/Card/BankTest.php" line="112" assertions="1" time="0.000906"/>
        <testcase name="testBankStatusShouldStop" class="App\Card\BankTest" classname="App.Card.BankTest" file="/Users/sams./dbwebb-kurser/mvc/me/report/tests/Card/BankTest.php" line="130" assertions="1" time="0.000378"/>
        <testcase name="testBankStatusGameStillGoing" class="App\Card\BankTest" classname="App.Card.BankTest" file="/Users/sams./dbwebb-kurser/mvc/me/report/tests/Card/BankTest.php" line="148" assertions="1" time="0.000379"/>
      </testsuite>
      <testsuite name="App\Card\CardGraphicTest" file="/Users/sams./dbwebb-kurser/mvc/me/report/tests/Card/CardGraphicTest.php" tests="7" assertions="7" errors="0" warnings="0" failures="0" skipped="0" time="0.004686">
        <testcase name="testCreateCardGraphic" class="App\Card\CardGraphicTest" classname="App.Card.CardGraphicTest" file="/Users/sams./dbwebb-kurser/mvc/me/report/tests/Card/CardGraphicTest.php" line="16" assertions="1" time="0.001513"/>
        <testcase name="testCardsCountDiamonds" class="App\Card\CardGraphicTest" classname="App.Card.CardGraphicTest" file="/Users/sams./dbwebb-kurser/mvc/me/report/tests/Card/CardGraphicTest.php" line="25" assertions="1" time="0.001174"/>
        <testcase name="testCardsCountHearts" class="App\Card\CardGraphicTest" classname="App.Card.CardGraphicTest" file="/Users/sams./dbwebb-kurser/mvc/me/report/tests/Card/CardGraphicTest.php" line="36" assertions="1" time="0.000376"/>
        <testcase name="testCardsCountClubs" class="App\Card\CardGraphicTest" classname="App.Card.CardGraphicTest" file="/Users/sams./dbwebb-kurser/mvc/me/report/tests/Card/CardGraphicTest.php" line="47" assertions="1" time="0.000367"/>
        <testcase name="testCardsCountSpades" class="App\Card\CardGraphicTest" classname="App.Card.CardGraphicTest" file="/Users/sams./dbwebb-kurser/mvc/me/report/tests/Card/CardGraphicTest.php" line="58" assertions="1" time="0.000369"/>
        <testcase name="testFormatCardsDiamonds" class="App\Card\CardGraphicTest" classname="App.Card.CardGraphicTest" file="/Users/sams./dbwebb-kurser/mvc/me/report/tests/Card/CardGraphicTest.php" line="69" assertions="1" time="0.000523"/>
        <testcase name="testFormatCardReturnsSymbol" class="App\Card\CardGraphicTest" classname="App.Card.CardGraphicTest" file="/Users/sams./dbwebb-kurser/mvc/me/report/tests/Card/CardGraphicTest.php" line="82" assertions="1" time="0.000365"/>
      </testsuite>
      <testsuite name="App\Card\CardHandTest" file="/Users/sams./dbwebb-kurser/mvc/me/report/tests/Card/CardHandTest.php" tests="4" assertions="4" errors="0" warnings="0" failures="0" skipped="0" time="0.003613">
        <testcase name="testCardHandCards" class="App\Card\CardHandTest" classname="App.Card.CardHandTest" file="/Users/sams./dbwebb-kurser/mvc/me/report/tests/Card/CardHandTest.php" line="16" assertions="1" time="0.000340"/>
        <testcase name="testAddCardToCardHand" class="App\Card\CardHandTest" classname="App.Card.CardHandTest" file="/Users/sams./dbwebb-kurser/mvc/me/report/tests/Card/CardHandTest.php" line="25" assertions="1" time="0.000354"/>
        <testcase name="testGetCardHandPoints" class="App\Card\CardHandTest" classname="App.Card.CardHandTest" file="/Users/sams./dbwebb-kurser/mvc/me/report/tests/Card/CardHandTest.php" line="38" assertions="1" time="0.000355"/>
        <testcase name="testGetCardAsString" class="App\Card\CardHandTest" classname="App.Card.CardHandTest" file="/Users/sams./dbwebb-kurser/mvc/me/report/tests/Card/CardHandTest.php" line="51" assertions="1" time="0.002565"/>
      </testsuite>
      <testsuite name="App\Card\CardTest" file="/Users/sams./dbwebb-kurser/mvc/me/report/tests/Card/CardTest.php" tests="8" assertions="8" errors="0" warnings="0" failures="0" skipped="0" time="0.002904">
        <testcase name="testCreateCard" class="App\Card\CardTest" classname="App.Card.CardTest" file="/Users/sams./dbwebb-kurser/mvc/me/report/tests/Card/CardTest.php" line="15" assertions="1" time="0.000362"/>
        <testcase name="testCardJson" class="App\Card\CardTest" classname="App.Card.CardTest" file="/Users/sams./dbwebb-kurser/mvc/me/report/tests/Card/CardTest.php" line="24" assertions="1" time="0.000357"/>
        <testcase name="testCardSuit" class="App\Card\CardTest" classname="App.Card.CardTest" file="/Users/sams./dbwebb-kurser/mvc/me/report/tests/Card/CardTest.php" line="35" assertions="1" time="0.000324"/>
        <testcase name="testCardRank" class="App\Card\CardTest" classname="App.Card.CardTest" file="/Users/sams./dbwebb-kurser/mvc/me/report/tests/Card/CardTest.php" line="46" assertions="1" time="0.000315"/>
        <testcase name="testCardColorRed" class="App\Card\CardTest" classname="App.Card.CardTest" file="/Users/sams./dbwebb-kurser/mvc/me/report/tests/Card/CardTest.php" line="57" assertions="1" time="0.000482"/>
        <testcase name="testCardColorBlack" class="App\Card\CardTest" classname="App.Card.CardTest" file="/Users/sams./dbwebb-kurser/mvc/me/report/tests/Card/CardTest.php" line="68" assertions="1" time="0.000338"/>
        <testcase name="testCardValueReturnsCorrectValue" class="App\Card\CardTest" classname="App.Card.CardTest" file="/Users/sams./dbwebb-kurser/mvc/me/report/tests/Card/CardTest.php" line="79" assertions="1" time="0.000387"/>
        <testcase name="testCardValueReturnsZero" class="App\Card\CardTest" classname="App.Card.CardTest" file="/Users/sams./dbwebb-kurser/mvc/me/report/tests/Card/CardTest.php" line="88" assertions="1" time="0.000340"/>
      </testsuite>
      <testsuite name="App\Card\DeckOfCardsTest" file="/Users/sams./dbwebb-kurser/mvc/me/report/tests/Card/DeckOfCardsTest.php" tests="8" assertions="13" errors="0" warnings="0" failures="0" skipped="0" time="0.006809">
        <testcase name="testCreateDeckOfCards" class="App\Card\DeckOfCardsTest" classname="App.Card.DeckOfCardsTest" file="/Users/sams./dbwebb-kurser/mvc/me/report/tests/Card/DeckOfCardsTest.php" line="16" assertions="1" time="0.001662"/>
        <testcase name="testCreateDeckReturns52Cards" class="App\Card\DeckOfCardsTest" classname="App.Card.DeckOfCardsTest" file="/Users/sams./dbwebb-kurser/mvc/me/report/tests/Card/DeckOfCardsTest.php" line="25" assertions="1" time="0.000522"/>
        <testcase name="testShuffleDeck" class="App\Card\DeckOfCardsTest" classname="App.Card.DeckOfCardsTest" file="/Users/sams./dbwebb-kurser/mvc/me/report/tests/Card/DeckOfCardsTest.php" line="35" assertions="2" time="0.001073"/>
        <testcase name="testDrawCardReducesDeck" class="App\Card\DeckOfCardsTest" classname="App.Card.DeckOfCardsTest" file="/Users/sams./dbwebb-kurser/mvc/me/report/tests/Card/DeckOfCardsTest.php" line="48" assertions="2" time="0.000488"/>
        <testcase name="testDrawCardsReducesDeckCorrectly" class="App\Card\DeckOfCardsTest" classname="App.Card.DeckOfCardsTest" file="/Users/sams./dbwebb-kurser/mvc/me/report/tests/Card/DeckOfCardsTest.php" line="62" assertions="2" time="0.000499"/>
        <testcase name="testDeckAsJson" class="App\Card\DeckOfCardsTest" classname="App.Card.DeckOfCardsTest" file="/Users/sams./dbwebb-kurser/mvc/me/report/tests/Card/DeckOfCardsTest.php" line="75" assertions="3" time="0.001350"/>
        <testcase name="testGetCardAsString" class="App\Card\DeckOfCardsTest" classname="App.Card.DeckOfCardsTest" file="/Users/sams./dbwebb-kurser/mvc/me/report/tests/Card/DeckOfCardsTest.php" line="90" assertions="1" time="0.000503"/>
        <testcase name="testGetAsString" class="App\Card\DeckOfCardsTest" classname="App.Card.DeckOfCardsTest" file="/Users/sams./dbwebb-kurser/mvc/me/report/tests/Card/DeckOfCardsTest.php" line="104" assertions="1" time="0.000712"/>
      </testsuite>
      <testsuite name="App\Tests\Controller\InitCardGameControllerTest" file="/Users/sams./dbwebb-kurser/mvc/me/report/tests/Card/InitCardGameControllerTest.php" tests="1" assertions="1" errors="0" warnings="0" failures="0" skipped="0" time="0.022555">
        <testcase name="testPreparePlayerData" class="App\Tests\Controller\InitCardGameControllerTest" classname="App.Tests.Controller.InitCardGameControllerTest" file="/Users/sams./dbwebb-kurser/mvc/me/report/tests/Card/InitCardGameControllerTest.php" line="18" assertions="1" time="0.022555"/>
      </testsuite>
      <testsuite name="App\Card\PlayerTest" file="/Users/sams./dbwebb-kurser/mvc/me/report/tests/Card/PlayerTest.php" tests="7" assertions="7" errors="0" warnings="0" failures="0" skipped="0" time="0.002724">
        <testcase name="testPlayer" class="App\Card\PlayerTest" classname="App.Card.PlayerTest" file="/Users/sams./dbwebb-kurser/mvc/me/report/tests/Card/PlayerTest.php" line="16" assertions="1" time="0.000366"/>
        <testcase name="testPlayerRound" class="App\Card\PlayerTest" classname="App.Card.PlayerTest" file="/Users/sams./dbwebb-kurser/mvc/me/report/tests/Card/PlayerTest.php" line="25" assertions="1" time="0.000370"/>
        <testcase name="testRoundPoints" class="App\Card\PlayerTest" classname="App.Card.PlayerTest" file="/Users/sams./dbwebb-kurser/mvc/me/report/tests/Card/PlayerTest.php" line="40" assertions="1" time="0.000387"/>
        <testcase name="testPlayerStop" class="App\Card\PlayerTest" classname="App.Card.PlayerTest" file="/Users/sams./dbwebb-kurser/mvc/me/report/tests/Card/PlayerTest.php" line="57" assertions="1" time="0.000382"/>
        <testcase name="testPlayerBust" class="App\Card\PlayerTest" classname="App.Card.PlayerTest" file="/Users/sams./dbwebb-kurser/mvc/me/report/tests/Card/PlayerTest.php" line="76" assertions="1" time="0.000454"/>
        <testcase name="testPlayerStatusBust" class="App\Card\PlayerTest" classname="App.Card.PlayerTest" file="/Users/sams./dbwebb-kurser/mvc/me/report/tests/Card/PlayerTest.php" line="95" assertions="1" time="0.000393"/>
        <testcase name="testPlayerStatusGameStillGoing" class="App\Card\PlayerTest" classname="App.Card.PlayerTest" file="/Users/sams./dbwebb-kurser/mvc/me/report/tests/Card/PlayerTest.php" line="114" assertions="1" time="0.000372"/>
      </testsuite>
      <testsuite name="App\Card\StatusTest" file="/Users/sams./dbwebb-kurser/mvc/me/report/tests/Card/StatusTest.php" tests="5" assertions="5" errors="0" warnings="0" failures="0" skipped="0" time="0.003148">
        <testcase name="testStatus" class="App\Card\StatusTest" classname="App.Card.StatusTest" file="/Users/sams./dbwebb-kurser/mvc/me/report/tests/Card/StatusTest.php" line="16" assertions="1" time="0.001159"/>
        <testcase name="testPlayerWinsWithMorePoints" class="App\Card\StatusTest" classname="App.Card.StatusTest" file="/Users/sams./dbwebb-kurser/mvc/me/report/tests/Card/StatusTest.php" line="27" assertions="1" time="0.000703"/>
        <testcase name="testBankWinsWithMorePoints" class="App\Card\StatusTest" classname="App.Card.StatusTest" file="/Users/sams./dbwebb-kurser/mvc/me/report/tests/Card/StatusTest.php" line="50" assertions="1" time="0.000449"/>
        <testcase name="testPlayerWinsWhenBankIsBust" class="App\Card\StatusTest" classname="App.Card.StatusTest" file="/Users/sams./dbwebb-kurser/mvc/me/report/tests/Card/StatusTest.php" line="73" assertions="1" time="0.000414"/>
        <testcase name="testPlayerWinsByPoints21" class="App\Card\StatusTest" classname="App.Card.StatusTest" file="/Users/sams./dbwebb-kurser/mvc/me/report/tests/Card/StatusTest.php" line="96" assertions="1" time="0.000423"/>
      </testsuite>
      <testsuite name="App\Dice\DiceTest" file="/Users/sams./dbwebb-kurser/mvc/me/report/tests/Dice/DiceTest.php" tests="2" assertions="5" errors="0" warnings="0" failures="0" skipped="0" time="0.001476">
        <testcase name="testCreateDice" class="App\Dice\DiceTest" classname="App.Dice.DiceTest" file="/Users/sams./dbwebb-kurser/mvc/me/report/tests/Dice/DiceTest.php" line="16" assertions="2" time="0.001102"/>
        <testcase name="testRollDice" class="App\Dice\DiceTest" classname="App.Dice.DiceTest" file="/Users/sams./dbwebb-kurser/mvc/me/report/tests/Dice/DiceTest.php" line="28" assertions="3" time="0.000375"/>
      </testsuite>
    </testsuite>
  </testsuite>
</testsuites>
